

================================================================
== Synthesis Summary Report of 'image_processing'
================================================================
+ General Information: 
<<<<<<< HEAD
    * Date:           Sat Nov  9 11:25:12 2024
=======
    * Date:           Sat Nov  9 14:51:14 2024
>>>>>>> cf5dd79afe81a371ef9c7f2b2ec20459fa39e383
    * Version:        2020.2 (Build 3064766 on Wed Nov 18 09:12:47 MST 2020)
    * Project:        Assigment2
    * Solution:       solution1 (Vivado IP Flow Target)
    * Product family: zynquplus
    * Target device:  xczu3eg-sbva484-1-i
    

+ Performance & Resource Estimates: 
    
    PS: '+' for module; 'o' for loop; '*' for dataflow
<<<<<<< HEAD
    +--------------------+--------+-------+---------+-----------+----------+---------+--------+----------+---------+----+-----------+-----------+-----+
    |       Modules      |  Issue |       | Latency |  Latency  | Iteration|         |  Trip  |          |         |    |           |           |     |
    |       & Loops      |  Type  | Slack | (cycles)|    (ns)   |  Latency | Interval|  Count | Pipelined|  BRAM   | DSP|     FF    |    LUT    | URAM|
    +--------------------+--------+-------+---------+-----------+----------+---------+--------+----------+---------+----+-----------+-----------+-----+
    |+ image_processing  |  Timing|   0.00|   921615|  9.216e+06|         -|   921616|       -|        no|  2 (~0%)|   -|  971 (~0%)|  1233 (1%)|    -|
    | o loop2            |       -|  -7.30|   921602|  9.216e+06|         4|        1|  921600|       yes|        -|   -|          -|          -|    -|
    +--------------------+--------+-------+---------+-----------+----------+---------+--------+----------+---------+----+-----------+-----------+-----+
=======
    +--------------------+--------+-------+---------+-----------+----------+---------+------+----------+---------+----+-----------+-----------+-----+
    |       Modules      |  Issue |       | Latency |  Latency  | Iteration|         | Trip |          |         |    |           |           |     |
    |       & Loops      |  Type  | Slack | (cycles)|    (ns)   |  Latency | Interval| Count| Pipelined|  BRAM   | DSP|     FF    |    LUT    | URAM|
    +--------------------+--------+-------+---------+-----------+----------+---------+------+----------+---------+----+-----------+-----------+-----+
    |+ image_processing  |  Timing|   0.00|     3146|  3.146e+04|         -|     3147|     -|        no|  2 (~0%)|   -|  2619 (1%)|  3269 (4%)|    -|
    | o loop             |      II|  -7.30|     3144|  3.144e+04|       155|       10|   300|       yes|        -|   -|          -|          -|    -|
    +--------------------+--------+-------+---------+-----------+----------+---------+------+----------+---------+----+-----------+-----------+-----+
>>>>>>> cf5dd79afe81a371ef9c7f2b2ec20459fa39e383

